[2015-04-26 16:53:17] production.INFO: Send: Alisa! Доброго дня! to 295,95,195  [] []
[2015-04-26 16:53:17] production.INFO: Send: Addison! Доброго дня! to 29,129,229  [] []
[2015-04-26 16:53:17] production.INFO: Send: Adela! Доброго дня! to 55,155,255  [] []
[2015-04-26 16:53:18] production.INFO: Send: Anjali! Доброго дня! to 18,118,218  [] []
[2015-04-26 16:53:18] production.INFO: Send: Bartholome! Доброго дня! to 45,145,245  [] []
[2015-04-26 16:53:18] production.INFO: Send: Angelica! Доброго дня! to 35,135,235  [] []
[2015-04-26 16:53:19] production.INFO: Send: Beaulah! Доброго дня! to 300,100,200  [] []
[2015-04-26 16:53:19] production.INFO: Send: Betsy! Доброго дня! to 9,109,209  [] []
[2015-04-26 16:53:19] production.INFO: Send: Braxton! Доброго дня! to 280,80,180  [] []
[2015-04-26 16:53:20] production.INFO: Send: Brenda! Доброго дня! to 34,134,234  [] []
[2015-04-26 16:53:20] production.INFO: Send: Candace! Доброго дня! to 33,133,233  [] []
[2015-04-26 16:53:20] production.INFO: Send: Casey! Доброго дня! to 285,85,185  [] []
[2015-04-26 16:53:21] production.INFO: Send: Christophe! Доброго дня! to 272,72,172  [] []
[2015-04-26 16:53:21] production.INFO: Send: Christop! Доброго дня! to 262,62,162  [] []
[2015-04-26 16:53:21] production.INFO: Send: Cody! Доброго дня! to 265,65,165  [] []
[2015-04-26 16:53:22] production.INFO: Send: Colton! Доброго дня! to 268,68,168  [] []
[2015-04-26 16:53:22] production.INFO: Send: Corine! Доброго дня! to 48,148,248  [] []
[2015-04-26 16:53:22] production.INFO: Send: Daisha! Доброго дня! to 298,98,198  [] []
[2015-04-26 16:53:23] production.INFO: Send: Dee! Доброго дня! to 288,88,188  [] []
[2015-04-26 16:53:24] production.INFO: Send: Dashawn! Доброго дня! to 31,131,231  [] []
[2015-04-26 16:53:24] production.INFO: Send: Delbert! Доброго дня! to 28,128,228  [] []
[2015-04-26 16:53:25] production.INFO: Send: Destini! Доброго дня! to 263,63,163  [] []
[2015-04-26 16:53:25] production.INFO: Send: Domenico! Доброго дня! to 23,123,223  [] []
[2015-04-26 16:53:25] production.INFO: Send: Donny! Доброго дня! to 259,59,159  [] []
[2015-04-26 16:53:26] production.INFO: Send: Duane! Доброго дня! to 286,86,186  [] []
[2015-04-26 16:53:26] production.INFO: Send: Dusty! Доброго дня! to 4,104,204  [] []
[2015-04-26 16:53:26] production.INFO: Send: Dorcas! Доброго дня! to 261,61,161  [] []
[2015-04-26 16:53:27] production.INFO: Send: Earlene! Доброго дня! to 19,119,219  [] []
[2015-04-26 16:53:27] production.INFO: Send: Eddie! Доброго дня! to 1,101,201  [] []
[2015-04-26 16:53:27] production.INFO: Send: Edd! Доброго дня! to 278,78,178  [] []
[2015-04-26 16:53:28] production.INFO: Send: Ellen! Доброго дня! to 276,76,176  [] []
[2015-04-26 16:53:28] production.INFO: Send: Elliot! Доброго дня! to 21,121,221  [] []
[2015-04-26 16:53:28] production.INFO: Send: Elisha! Доброго дня! to 3,103,203  [] []
[2015-04-26 16:53:29] production.INFO: Send: Enoch! Доброго дня! to 44,144,244  [] []
[2015-04-26 16:53:29] production.INFO: Send: Emile! Доброго дня! to 38,138,238  [] []
[2015-04-26 16:53:29] production.INFO: Send: Elroy! Доброго дня! to 42,142,242  [] []
[2015-04-26 16:53:31] production.INFO: Send: Floy! Доброго дня! to 26,126,226  [] []
[2015-04-26 16:53:31] production.INFO: Send: Estel! Доброго дня! to 256,56,156  [] []
[2015-04-26 16:53:31] production.INFO: Send: Furman! Доброго дня! to 284,84,184  [] []
[2015-04-26 16:53:32] production.INFO: Send: Hipolito! Доброго дня! to 49,149,249  [] []
[2015-04-26 16:53:32] production.INFO: Send: Hans! Доброго дня! to 25,125,225  [] []
[2015-04-26 16:53:32] production.INFO: Send: Hobart! Доброго дня! to 291,91,191  [] []
[2015-04-26 16:53:33] production.INFO: Send: Hulda! Доброго дня! to 2,102,202  [] []
[2015-04-26 16:53:33] production.INFO: Send: Iliana! Доброго дня! to 54,154,254  [] []
[2015-04-26 16:53:33] production.INFO: Send: Isobel! Доброго дня! to 17,117,217  [] []
[2015-04-26 16:53:34] production.INFO: Send: Jarred! Доброго дня! to 271,71,171  [] []
[2015-04-26 16:53:34] production.INFO: Send: Jaquelin! Доброго дня! to 40,140,240  [] []
[2015-04-26 16:53:34] production.INFO: Send: Jena! Доброго дня! to 264,64,164  [] []
[2015-04-26 16:53:36] production.INFO: Send: Jeromy! Доброго дня! to 22,122,222  [] []
[2015-04-26 16:53:36] production.INFO: Send: Jesse! Доброго дня! to 275,75,175  [] []
[2015-04-26 16:53:36] production.INFO: Send: Jevon! Доброго дня! to 51,151,251  [] []
[2015-04-26 16:53:37] production.INFO: Send: Josiane! Доброго дня! to 39,139,239  [] []
[2015-04-26 16:53:37] production.INFO: Send: Johanna! Доброго дня! to 281,81,181  [] []
[2015-04-26 16:53:37] production.INFO: Send: Justina! Доброго дня! to 269,69,169  [] []
[2015-04-26 16:53:38] production.INFO: Send: Kailyn! Доброго дня! to 277,43,77,143,177,243  [] []
[2015-04-26 16:53:38] production.INFO: Send: Justine! Доброго дня! to 47,147,247  [] []
[2015-04-26 16:53:38] production.INFO: Send: Kamryn! Доброго дня! to 41,141,241  [] []
[2015-04-26 16:53:39] production.INFO: Send: Kellen! Доброго дня! to 8,108,208  [] []
[2015-04-26 16:53:39] production.INFO: Send: Karen! Доброго дня! to 5,105,205  [] []
[2015-04-26 16:53:39] production.INFO: Send: Kelli! Доброго дня! to 260,60,160  [] []
[2015-04-26 16:53:40] production.INFO: Send: Khalil! Доброго дня! to 15,115,215  [] []
[2015-04-26 16:53:40] production.INFO: Send: Kiarra! Доброго дня! to 290,90,190  [] []
[2015-04-26 16:53:41] production.INFO: Send: Lavinia! Доброго дня! to 20,120,220  [] []
[2015-04-26 16:53:42] production.INFO: Send: Lenny! Доброго дня! to 299,99,199  [] []
[2015-04-26 16:53:42] production.INFO: Send: Leonard! Доброго дня! to 27,127,227  [] []
[2015-04-26 16:53:42] production.INFO: Send: Lessie! Доброго дня! to 7,107,207  [] []
[2015-04-26 16:53:43] production.INFO: Send: Liliane! Доброго дня! to 287,87,187  [] []
[2015-04-26 16:53:43] production.INFO: Send: Letitia! Доброго дня! to 10,110,210  [] []
[2015-04-26 16:53:43] production.INFO: Send: Lincoln! Доброго дня! to 293,93,193  [] []
[2015-04-26 16:53:44] production.INFO: Send: Loyce! Доброго дня! to 289,89,189  [] []
[2015-04-26 16:53:44] production.INFO: Send: Lucinda! Доброго дня! to 11,111,211  [] []
[2015-04-26 16:53:44] production.INFO: Send: Luna! Доброго дня! to 16,116,216  [] []
[2015-04-26 16:53:45] production.INFO: Send: Maddison! Доброго дня! to 24,124,224  [] []
[2015-04-26 16:53:45] production.INFO: Send: Margret! Доброго дня! to 12,112,212  [] []
[2015-04-26 16:53:45] production.INFO: Send: Maritza! Доброго дня! to 257,57,157  [] []
[2015-04-26 16:53:46] production.INFO: Send: Marta! Доброго дня! to 14,114,214  [] []
[2015-04-26 16:53:46] production.INFO: Send: Marquis! Доброго дня! to 266,66,166  [] []
[2015-04-26 16:53:46] production.INFO: Send: Maurine! Доброго дня! to 297,97,197  [] []
[2015-04-26 16:53:47] production.INFO: Send: Meaghan! Доброго дня! to 53,153,253  [] []
[2015-04-26 16:53:47] production.INFO: Send: Nichole! Доброго дня! to 279,79,179  [] []
[2015-04-26 16:53:48] production.INFO: Send: Nikita! Доброго дня! to 30,130,230  [] []
[2015-04-26 16:53:49] production.INFO: Send: Nils! Доброго дня! to 37,137,237  [] []
[2015-04-26 16:53:49] production.INFO: Send: Noah! Доброго дня! to 13,113,213  [] []
[2015-04-26 16:53:49] production.INFO: Send: Noble! Доброго дня! to 50,150,250  [] []
[2015-04-26 16:53:50] production.INFO: Send: Pedro! Доброго дня! to 270,70,170  [] []
[2015-04-26 16:53:50] production.INFO: Send: Odessa! Доброго дня! to 6,106,206  [] []
[2015-04-26 16:53:50] production.INFO: Send: Pete! Доброго дня! to 283,83,183  [] []
[2015-04-26 16:53:51] production.INFO: Send: Rafael! Доброго дня! to 52,152,252  [] []
[2015-04-26 16:53:51] production.INFO: Send: Santino! Доброго дня! to 258,58,158  [] []
[2015-04-26 16:53:51] production.INFO: Send: Sean! Доброго дня! to 296,96,196  [] []
[2015-04-26 16:53:52] production.INFO: Send: Soledad! Доброго дня! to 267,67,167  [] []
[2015-04-26 16:53:52] production.INFO: Send: Stefan! Доброго дня! to 46,146,246  [] []
[2015-04-26 16:53:52] production.INFO: Send: Shea! Доброго дня! to 36,136,236  [] []
[2015-04-26 16:53:54] production.INFO: Send: Trevor! Доброго дня! to 294,94,194  [] []
[2015-04-26 16:53:54] production.INFO: Send: Taylor! Доброго дня! to 282,82,182  [] []
[2015-04-26 16:53:54] production.INFO: Send: Thurman! Доброго дня! to 273,73,173  [] []
[2015-04-26 16:53:55] production.INFO: Send: Zetta! Доброго дня! to 274,74,174  [] []
[2015-04-26 16:53:55] production.INFO: Send: Wava! Доброго дня! to 32,132,232  [] []
